<?xml version="1.0" encoding="UTF-8"?>
<!-- Generated by org.testng.reporters.JUnitXMLReporter -->
<testsuite ignored="0" hostname="DESKTOP-4TJI6VM" failures="0" tests="20" name="Command line test" time="174.059" errors="0" timestamp="2022-03-24T12:10:31 MSK">
  <testcase classname="ShadowRootTest" name="@BeforeTest setup" time="56.381">
    <failure type="org.openqa.selenium.NoSuchWindowException" message="no such window: target window already closed
from unknown error: web view not found
  (Session info: chrome=99.0.4844.82)
Build info: version: &amp;apos;3.14.0&amp;apos;, revision: &amp;apos;aacccce0&amp;apos;, time: &amp;apos;2018-08-02T20:19:58.91Z&amp;apos;
System info: host: &amp;apos;DESKTOP-4TJI6VM&amp;apos;, ip: &amp;apos;192.168.100.4&amp;apos;, os.name: &amp;apos;Windows 10&amp;apos;, os.arch: &amp;apos;amd64&amp;apos;, os.version: &amp;apos;10.0&amp;apos;, java.version: &amp;apos;17.0.2&amp;apos;
Driver info: org.openqa.selenium.chrome.ChromeDriver
Capabilities {acceptInsecureCerts: false, browserName: chrome, browserVersion: 99.0.4844.82, chrome: {chromedriverVersion: 99.0.4844.51 (d537ec02474b5..., userDataDir: C:\Users\ASUS\AppData\Local...}, goog:chromeOptions: {debuggerAddress: localhost:63917}, javascriptEnabled: true, networkConnectionEnabled: false, pageLoadStrategy: normal, platform: WINDOWS, platformName: WINDOWS, proxy: Proxy(), setWindowRect: true, strictFileInteractability: false, timeouts: {implicit: 0, pageLoad: 300000, script: 30000}, unhandledPromptBehavior: dismiss and notify, webauthn:extension:credBlob: true, webauthn:extension:largeBlob: true, webauthn:virtualAuthenticators: true}
Session ID: 57cd6a55ffae308c539d002ad0852ca4
*** Element info: {Using=id, value=drawing-app}">
      <![CDATA[org.openqa.selenium.NoSuchWindowException: no such window: target window already closed
from unknown error: web view not found
  (Session info: chrome=99.0.4844.82)
Build info: version: '3.14.0', revision: 'aacccce0', time: '2018-08-02T20:19:58.91Z'
System info: host: 'DESKTOP-4TJI6VM', ip: '192.168.100.4', os.name: 'Windows 10', os.arch: 'amd64', os.version: '10.0', java.version: '17.0.2'
Driver info: org.openqa.selenium.chrome.ChromeDriver
Capabilities {acceptInsecureCerts: false, browserName: chrome, browserVersion: 99.0.4844.82, chrome: {chromedriverVersion: 99.0.4844.51 (d537ec02474b5..., userDataDir: C:\Users\ASUS\AppData\Local...}, goog:chromeOptions: {debuggerAddress: localhost:63917}, javascriptEnabled: true, networkConnectionEnabled: false, pageLoadStrategy: normal, platform: WINDOWS, platformName: WINDOWS, proxy: Proxy(), setWindowRect: true, strictFileInteractability: false, timeouts: {implicit: 0, pageLoad: 300000, script: 30000}, unhandledPromptBehavior: dismiss and notify, webauthn:extension:credBlob: true, webauthn:extension:largeBlob: true, webauthn:virtualAuthenticators: true}
Session ID: 57cd6a55ffae308c539d002ad0852ca4
*** Element info: {Using=id, value=drawing-app}
at org.openqa.selenium.remote.http.W3CHttpResponseCodec.createException(W3CHttpResponseCodec.java:187)
at org.openqa.selenium.remote.http.W3CHttpResponseCodec.decode(W3CHttpResponseCodec.java:122)
at org.openqa.selenium.remote.http.W3CHttpResponseCodec.decode(W3CHttpResponseCodec.java:49)
at org.openqa.selenium.remote.HttpCommandExecutor.execute(HttpCommandExecutor.java:158)
at org.openqa.selenium.remote.service.DriverCommandExecutor.execute(DriverCommandExecutor.java:83)
at org.openqa.selenium.remote.RemoteWebDriver.execute(RemoteWebDriver.java:548)
at org.openqa.selenium.remote.RemoteWebDriver.findElement(RemoteWebDriver.java:322)
at org.openqa.selenium.remote.RemoteWebDriver.findElementById(RemoteWebDriver.java:368)
at org.openqa.selenium.By$ById.findElement(By.java:188)
at org.openqa.selenium.remote.RemoteWebDriver.findElement(RemoteWebDriver.java:314)
at ShadowRootTest.setup(ShadowRootTest.java:18)
... Removed 39 stack frames]]>
    </failure>
  </testcase> <!-- @BeforeTest setup -->
  <testcase classname="FrameTest" name="@BeforeGroups moveToTopFrames" time="0.0">
    <skipped/>
  </testcase> <!-- @BeforeGroups moveToTopFrames -->
  <testcase classname="FrameTest" name="@AfterGroups moveToDefaultContent" time="0.0">
    <skipped/>
  </testcase> <!-- @AfterGroups moveToDefaultContent -->
  <testcase classname="AlertTest" name="@AfterTest closeBrowser" time="0.0">
    <skipped/>
  </testcase> <!-- @AfterTest closeBrowser -->
  <testcase classname="BelhardTest" name="@AfterTest teardown" time="0.0">
    <skipped/>
  </testcase> <!-- @AfterTest teardown -->
  <testcase classname="DragAndDropTest" name="@AfterTest closeBrowser" time="0.0">
    <skipped/>
  </testcase> <!-- @AfterTest closeBrowser -->
  <testcase classname="FrameTest" name="@AfterTest teardown" time="0.0">
    <skipped/>
  </testcase> <!-- @AfterTest teardown -->
  <testcase classname="OnlineShopTest" name="@AfterTest closeBrowser" time="0.0">
    <skipped/>
  </testcase> <!-- @AfterTest closeBrowser -->
  <testcase classname="SeleniumTest" name="@AfterTest closeBrowser" time="0.0">
    <skipped/>
  </testcase> <!-- @AfterTest closeBrowser -->
  <testcase classname="AlertTest" name="alertTest" time="0.001">
    <skipped/>
  </testcase> <!-- alertTest -->
  <testcase classname="AlertTest" name="confirmAlertTest" time="0.0">
    <skipped/>
  </testcase> <!-- confirmAlertTest -->
  <testcase classname="AlertTest" name="promptmAlertTest" time="0.001">
    <skipped/>
  </testcase> <!-- promptmAlertTest -->
  <testcase classname="BelhardTest" name="newTabCheck" time="0.0">
    <skipped/>
  </testcase> <!-- newTabCheck -->
  <testcase classname="DragAndDropTest" name="dragNDrop" time="0.0">
    <skipped/>
  </testcase> <!-- dragNDrop -->
  <testcase classname="FrameTest" name="ckeckIframeText" time="0.001">
    <skipped/>
  </testcase> <!-- ckeckIframeText -->
  <testcase classname="FrameTest" name="ckeckLeftFrames" time="0.0">
    <skipped/>
  </testcase> <!-- ckeckLeftFrames -->
  <testcase classname="FrameTest" name="ckeckMiddleFrame" time="0.002">
    <skipped/>
  </testcase> <!-- ckeckMiddleFrame -->
  <testcase classname="FrameTest" name="ckeckRightFrames" time="0.001">
    <skipped/>
  </testcase> <!-- ckeckRightFrames -->
  <testcase classname="OnlineShopTest" name="checkDuckLabel" time="0.0">
    <skipped/>
  </testcase> <!-- checkDuckLabel -->
  <testcase classname="OnlineShopTest" name="checkDuckLabel" time="0.001">
    <skipped/>
  </testcase> <!-- checkDuckLabel -->
  <testcase classname="OnlineShopTest" name="checkDuckLabel" time="0.0">
    <skipped/>
  </testcase> <!-- checkDuckLabel -->
  <testcase classname="OnlineShopTest" name="moveToDeliveryInfo" time="0.001">
    <skipped/>
  </testcase> <!-- moveToDeliveryInfo -->
  <testcase classname="OnlineShopTest" name="moveToRubberDuck" time="0.0">
    <skipped/>
  </testcase> <!-- moveToRubberDuck -->
  <testcase classname="OnlineShopTest" name="moveToTermsAndConditions" time="0.0">
    <skipped/>
  </testcase> <!-- moveToTermsAndConditions -->
  <testcase classname="OnlineShopTest" name="sortByPrice" time="0.0">
    <skipped/>
  </testcase> <!-- sortByPrice -->
  <testcase classname="OnlineShopTest" name="sotrByName" time="0.0">
    <skipped/>
  </testcase> <!-- sotrByName -->
  <testcase classname="SeleniumTest" name="doubleClick" time="0.0">
    <skipped/>
  </testcase> <!-- doubleClick -->
  <testcase classname="SeleniumTest" name="findLinks" time="0.0">
    <skipped/>
  </testcase> <!-- findLinks -->
  <testcase classname="ShadowRootTest" name="ShadowRootTest" time="0.001">
    <skipped/>
  </testcase> <!-- ShadowRootTest -->
</testsuite> <!-- Command line test -->
